This file contains any messages produced by compilers while
running configure, to aid debugging if configure makes a mistake.

It was created by configure, which was
generated by GNU Autoconf 2.59.  Invocation command line was

  $ ./configure --with-sra-includes=/home/bst/other/hcorrada/sgseq/src/intmodel/sra/sra_sdk-1.0.0-b10/itf --with-sra-libs=/home/bst/other/hcorrada/sgseq/src/intmodel/sra/lib64

## --------- ##
## Platform. ##
## --------- ##

hostname = compute-0-13.local
uname -m = x86_64
uname -r = 2.6.18-164.el5
uname -s = Linux
uname -v = #1 SMP Tue Aug 18 15:51:48 EDT 2009

/usr/bin/uname -p = unknown
/bin/uname -X     = unknown

/bin/arch              = x86_64
/usr/bin/arch -k       = unknown
/usr/convex/getsysinfo = unknown
hostinfo               = unknown
/bin/machine           = unknown
/usr/bin/oslevel       = unknown
/bin/universe          = unknown

PATH: /usr/local/subversion/1.6.6/bin
PATH: /home/bst/other/hcorrada/bin
PATH: /home/bst/other/hcorrada/util
PATH: /hpscc/usr/local/gcc-4.1.2/install/shortread/bin
PATH: /hpscc/usr/local/gcc-4.1.2/install/bin
PATH: /opt/gridengine/bin/lx26-amd64
PATH: /opt/gridengine/bin/lx26-amd64
PATH: /usr/java/latest/bin
PATH: /tmp/290686.1.bst.q
PATH: /usr/local/subversion/1.6.6/bin
PATH: /home/bst/other/hcorrada/bin
PATH: /home/bst/other/hcorrada/util
PATH: /hpscc/usr/local/gcc-4.1.2/install/shortread/bin
PATH: /hpscc/usr/local/gcc-4.1.2/install/bin
PATH: /usr/local/subversion/1.6.6/bin
PATH: /home/bst/other/hcorrada/bin
PATH: /home/bst/other/hcorrada/util
PATH: /hpscc/usr/local/gcc-4.1.2/install/shortread/bin
PATH: /hpscc/usr/local/gcc-4.1.2/install/bin
PATH: /opt/gridengine/bin/lx26-amd64
PATH: /usr/kerberos/bin
PATH: /usr/local/bin
PATH: /bin
PATH: /usr/bin
PATH: /usr/local/bazaar/2.1.0/bin
PATH: /usr/local/git/1.7.0/bin
PATH: /usr/local/python/3.2.1/bin
PATH: /opt/Bio/ncbi/bin
PATH: /opt/Bio/mpiblast/bin/
PATH: /opt/Bio/hmmer/bin
PATH: /opt/Bio/EMBOSS/bin
PATH: /opt/Bio/clustalw/bin
PATH: /opt/Bio/tcoffee/bin
PATH: /opt/Bio/phylip/exe
PATH: /opt/Bio/mrbayes
PATH: /opt/Bio/fasta
PATH: /opt/Bio/glimmer/bin
PATH: //opt/Bio/glimmer/scripts
PATH: /opt/Bio/gromacs/bin
PATH: /opt/Bio/gmap/bin
PATH: /opt/Bio/tigr/bin
PATH: /opt/openmpi/bin/
PATH: /opt/rocks/bin
PATH: /opt/rocks/sbin


## ----------- ##
## Core tests. ##
## ----------- ##

configure:1339: checking for gcc
configure:1355: found /usr/bin/gcc
configure:1365: result: gcc
configure:1609: checking for C compiler version
configure:1612: gcc --version </dev/null >&5
gcc (GCC) 4.1.2 20080704 (Red Hat 4.1.2-46)
Copyright (C) 2006 Free Software Foundation, Inc.
This is free software; see the source for copying conditions.  There is NO
warranty; not even for MERCHANTABILITY or FITNESS FOR A PARTICULAR PURPOSE.

configure:1615: $? = 0
configure:1617: gcc -v </dev/null >&5
Using built-in specs.
Target: x86_64-redhat-linux
Configured with: ../configure --prefix=/usr --mandir=/usr/share/man --infodir=/usr/share/info --enable-shared --enable-threads=posix --enable-checking=release --with-system-zlib --enable-__cxa_atexit --disable-libunwind-exceptions --enable-libgcj-multifile --enable-languages=c,c++,objc,obj-c++,java,fortran,ada --enable-java-awt=gtk --disable-dssi --enable-plugin --with-java-home=/usr/lib/jvm/java-1.4.2-gcj-1.4.2.0/jre --with-cpu=generic --host=x86_64-redhat-linux
Thread model: posix
gcc version 4.1.2 20080704 (Red Hat 4.1.2-46)
configure:1620: $? = 0
configure:1622: gcc -V </dev/null >&5
gcc: '-V' option must have argument
configure:1625: $? = 1
configure:1648: checking for C compiler default output file name
configure:1651: gcc    conftest.c  >&5
configure:1654: $? = 0
configure:1700: result: a.out
configure:1705: checking whether the C compiler works
configure:1711: ./a.out
configure:1714: $? = 0
configure:1731: result: yes
configure:1738: checking whether we are cross compiling
configure:1740: result: no
configure:1743: checking for suffix of executables
configure:1745: gcc -o conftest    conftest.c  >&5
configure:1748: $? = 0
configure:1773: result: 
configure:1779: checking for suffix of object files
configure:1800: gcc -c   conftest.c >&5
configure:1803: $? = 0
configure:1825: result: o
configure:1829: checking whether we are using the GNU C compiler
configure:1853: gcc -c   conftest.c >&5
configure:1859: $? = 0
configure:1863: test -z 
			 || test ! -s conftest.err
configure:1866: $? = 0
configure:1869: test -s conftest.o
configure:1872: $? = 0
configure:1885: result: yes
configure:1891: checking whether gcc accepts -g
configure:1912: gcc -c -g  conftest.c >&5
configure:1918: $? = 0
configure:1922: test -z 
			 || test ! -s conftest.err
configure:1925: $? = 0
configure:1928: test -s conftest.o
configure:1931: $? = 0
configure:1942: result: yes
configure:1959: checking for gcc option to accept ANSI C
configure:2029: gcc  -c -g -O2  conftest.c >&5
configure:2035: $? = 0
configure:2039: test -z 
			 || test ! -s conftest.err
configure:2042: $? = 0
configure:2045: test -s conftest.o
configure:2048: $? = 0
configure:2066: result: none needed
configure:2084: gcc -c -g -O2  conftest.c >&5
conftest.c:2: error: expected '=', ',', ';', 'asm' or '__attribute__' before 'me'
configure:2090: $? = 1
configure: failed program was:
| #ifndef __cplusplus
|   choke me
| #endif
configure:2262: checking how to run the C preprocessor
configure:2297: gcc -E -I/home/bst/other/hcorrada/sgseq/src/intmodel/sra/sra_sdk-1.0.0-b10/itf conftest.c
configure:2303: $? = 0
configure:2335: gcc -E -I/home/bst/other/hcorrada/sgseq/src/intmodel/sra/sra_sdk-1.0.0-b10/itf conftest.c
conftest.c:9:28: error: ac_nonexistent.h: No such file or directory
configure:2341: $? = 1
configure: failed program was:
| /* confdefs.h.  */
| 
| #define PACKAGE_NAME ""
| #define PACKAGE_TARNAME ""
| #define PACKAGE_VERSION ""
| #define PACKAGE_STRING ""
| #define PACKAGE_BUGREPORT ""
| /* end confdefs.h.  */
| #include <ac_nonexistent.h>
configure:2380: result: gcc -E
configure:2404: gcc -E -I/home/bst/other/hcorrada/sgseq/src/intmodel/sra/sra_sdk-1.0.0-b10/itf conftest.c
configure:2410: $? = 0
configure:2442: gcc -E -I/home/bst/other/hcorrada/sgseq/src/intmodel/sra/sra_sdk-1.0.0-b10/itf conftest.c
conftest.c:9:28: error: ac_nonexistent.h: No such file or directory
configure:2448: $? = 1
configure: failed program was:
| /* confdefs.h.  */
| 
| #define PACKAGE_NAME ""
| #define PACKAGE_TARNAME ""
| #define PACKAGE_VERSION ""
| #define PACKAGE_STRING ""
| #define PACKAGE_BUGREPORT ""
| /* end confdefs.h.  */
| #include <ac_nonexistent.h>
configure:2492: checking for egrep
configure:2502: result: grep -E
configure:2507: checking for ANSI C header files
configure:2532: gcc -c -g -O2 -I/home/bst/other/hcorrada/sgseq/src/intmodel/sra/sra_sdk-1.0.0-b10/itf conftest.c >&5
configure:2538: $? = 0
configure:2542: test -z 
			 || test ! -s conftest.err
configure:2545: $? = 0
configure:2548: test -s conftest.o
configure:2551: $? = 0
configure:2640: gcc -o conftest -g -O2 -I/home/bst/other/hcorrada/sgseq/src/intmodel/sra/sra_sdk-1.0.0-b10/itf  conftest.c  >&5
conftest.c: In function 'main':
conftest.c:26: warning: incompatible implicit declaration of built-in function 'exit'
configure:2643: $? = 0
configure:2645: ./conftest
configure:2648: $? = 0
configure:2663: result: yes
configure:2687: checking for sys/types.h
configure:2703: gcc -c -g -O2 -I/home/bst/other/hcorrada/sgseq/src/intmodel/sra/sra_sdk-1.0.0-b10/itf conftest.c >&5
configure:2709: $? = 0
configure:2713: test -z 
			 || test ! -s conftest.err
configure:2716: $? = 0
configure:2719: test -s conftest.o
configure:2722: $? = 0
configure:2733: result: yes
configure:2687: checking for sys/stat.h
configure:2703: gcc -c -g -O2 -I/home/bst/other/hcorrada/sgseq/src/intmodel/sra/sra_sdk-1.0.0-b10/itf conftest.c >&5
configure:2709: $? = 0
configure:2713: test -z 
			 || test ! -s conftest.err
configure:2716: $? = 0
configure:2719: test -s conftest.o
configure:2722: $? = 0
configure:2733: result: yes
configure:2687: checking for stdlib.h
configure:2703: gcc -c -g -O2 -I/home/bst/other/hcorrada/sgseq/src/intmodel/sra/sra_sdk-1.0.0-b10/itf conftest.c >&5
configure:2709: $? = 0
configure:2713: test -z 
			 || test ! -s conftest.err
configure:2716: $? = 0
configure:2719: test -s conftest.o
configure:2722: $? = 0
configure:2733: result: yes
configure:2687: checking for string.h
configure:2703: gcc -c -g -O2 -I/home/bst/other/hcorrada/sgseq/src/intmodel/sra/sra_sdk-1.0.0-b10/itf conftest.c >&5
configure:2709: $? = 0
configure:2713: test -z 
			 || test ! -s conftest.err
configure:2716: $? = 0
configure:2719: test -s conftest.o
configure:2722: $? = 0
configure:2733: result: yes
configure:2687: checking for memory.h
configure:2703: gcc -c -g -O2 -I/home/bst/other/hcorrada/sgseq/src/intmodel/sra/sra_sdk-1.0.0-b10/itf conftest.c >&5
configure:2709: $? = 0
configure:2713: test -z 
			 || test ! -s conftest.err
configure:2716: $? = 0
configure:2719: test -s conftest.o
configure:2722: $? = 0
configure:2733: result: yes
configure:2687: checking for strings.h
configure:2703: gcc -c -g -O2 -I/home/bst/other/hcorrada/sgseq/src/intmodel/sra/sra_sdk-1.0.0-b10/itf conftest.c >&5
configure:2709: $? = 0
configure:2713: test -z 
			 || test ! -s conftest.err
configure:2716: $? = 0
configure:2719: test -s conftest.o
configure:2722: $? = 0
configure:2733: result: yes
configure:2687: checking for inttypes.h
configure:2703: gcc -c -g -O2 -I/home/bst/other/hcorrada/sgseq/src/intmodel/sra/sra_sdk-1.0.0-b10/itf conftest.c >&5
configure:2709: $? = 0
configure:2713: test -z 
			 || test ! -s conftest.err
configure:2716: $? = 0
configure:2719: test -s conftest.o
configure:2722: $? = 0
configure:2733: result: yes
configure:2687: checking for stdint.h
configure:2703: gcc -c -g -O2 -I/home/bst/other/hcorrada/sgseq/src/intmodel/sra/sra_sdk-1.0.0-b10/itf conftest.c >&5
configure:2709: $? = 0
configure:2713: test -z 
			 || test ! -s conftest.err
configure:2716: $? = 0
configure:2719: test -s conftest.o
configure:2722: $? = 0
configure:2733: result: yes
configure:2687: checking for unistd.h
configure:2703: gcc -c -g -O2 -I/home/bst/other/hcorrada/sgseq/src/intmodel/sra/sra_sdk-1.0.0-b10/itf conftest.c >&5
configure:2709: $? = 0
configure:2713: test -z 
			 || test ! -s conftest.err
configure:2716: $? = 0
configure:2719: test -s conftest.o
configure:2722: $? = 0
configure:2733: result: yes
configure:2755: checking sra/sradb.h usability
configure:2767: gcc -c -g -O2 -I/home/bst/other/hcorrada/sgseq/src/intmodel/sra/sra_sdk-1.0.0-b10/itf conftest.c >&5
configure:2773: $? = 0
configure:2777: test -z 
			 || test ! -s conftest.err
configure:2780: $? = 0
configure:2783: test -s conftest.o
configure:2786: $? = 0
configure:2796: result: yes
configure:2800: checking sra/sradb.h presence
configure:2810: gcc -E -I/home/bst/other/hcorrada/sgseq/src/intmodel/sra/sra_sdk-1.0.0-b10/itf conftest.c
configure:2816: $? = 0
configure:2836: result: yes
configure:2871: checking for sra/sradb.h
configure:2878: result: yes
configure:3021: creating ./config.status

## ---------------------- ##
## Running config.status. ##
## ---------------------- ##

This file was extended by config.status, which was
generated by GNU Autoconf 2.59.  Invocation command line was

  CONFIG_FILES    = 
  CONFIG_HEADERS  = 
  CONFIG_LINKS    = 
  CONFIG_COMMANDS = 
  $ ./config.status 

on compute-0-13.local

config.status:635: creating src/Makevars

## ---------------- ##
## Cache variables. ##
## ---------------- ##

ac_cv_c_compiler_gnu=yes
ac_cv_env_CC_set=
ac_cv_env_CC_value=
ac_cv_env_CFLAGS_set=
ac_cv_env_CFLAGS_value=
ac_cv_env_CPPFLAGS_set=
ac_cv_env_CPPFLAGS_value=
ac_cv_env_CPP_set=
ac_cv_env_CPP_value=
ac_cv_env_LDFLAGS_set=
ac_cv_env_LDFLAGS_value=
ac_cv_env_build_alias_set=
ac_cv_env_build_alias_value=
ac_cv_env_host_alias_set=
ac_cv_env_host_alias_value=
ac_cv_env_target_alias_set=
ac_cv_env_target_alias_value=
ac_cv_exeext=
ac_cv_header_inttypes_h=yes
ac_cv_header_memory_h=yes
ac_cv_header_sra_sradb_h=yes
ac_cv_header_stdc=yes
ac_cv_header_stdint_h=yes
ac_cv_header_stdlib_h=yes
ac_cv_header_string_h=yes
ac_cv_header_strings_h=yes
ac_cv_header_sys_stat_h=yes
ac_cv_header_sys_types_h=yes
ac_cv_header_unistd_h=yes
ac_cv_objext=o
ac_cv_prog_CPP='gcc -E'
ac_cv_prog_ac_ct_CC=gcc
ac_cv_prog_cc_g=yes
ac_cv_prog_cc_stdc=
ac_cv_prog_egrep='grep -E'

## ----------------- ##
## Output variables. ##
## ----------------- ##

CC='gcc'
CFLAGS='-g -O2'
CPP='gcc -E'
CPPFLAGS='-I/home/bst/other/hcorrada/sgseq/src/intmodel/sra/sra_sdk-1.0.0-b10/itf'
DEFS='-DPACKAGE_NAME=\"\" -DPACKAGE_TARNAME=\"\" -DPACKAGE_VERSION=\"\" -DPACKAGE_STRING=\"\" -DPACKAGE_BUGREPORT=\"\" -DSTDC_HEADERS=1 -DHAVE_SYS_TYPES_H=1 -DHAVE_SYS_STAT_H=1 -DHAVE_STDLIB_H=1 -DHAVE_STRING_H=1 -DHAVE_MEMORY_H=1 -DHAVE_STRINGS_H=1 -DHAVE_INTTYPES_H=1 -DHAVE_STDINT_H=1 -DHAVE_UNISTD_H=1 '
ECHO_C=''
ECHO_N='-n'
ECHO_T=''
EGREP='grep -E'
EXEEXT=''
LDFLAGS=''
LIBOBJS=''
LIBS=''
LTLIBOBJS=''
OBJEXT='o'
PACKAGE_BUGREPORT=''
PACKAGE_NAME=''
PACKAGE_STRING=''
PACKAGE_TARNAME=''
PACKAGE_VERSION=''
PATH_SEPARATOR=':'
PKG_CPPFLAGS='-I/home/bst/other/hcorrada/sgseq/src/intmodel/sra/sra_sdk-1.0.0-b10/itf'
PKG_LIBS='-L/home/bst/other/hcorrada/sgseq/src/intmodel/sra/lib64 -lsradb -lvdb -lklib -lkascii -lm -lz -lbz2 -ldl -lpthread'
SHELL='/bin/sh'
ac_ct_CC='gcc'
bindir='${exec_prefix}/bin'
build_alias=''
datadir='${prefix}/share'
exec_prefix='${prefix}'
host_alias=''
includedir='${prefix}/include'
infodir='${prefix}/info'
libdir='${exec_prefix}/lib'
libexecdir='${exec_prefix}/libexec'
localstatedir='${prefix}/var'
mandir='${prefix}/man'
oldincludedir='/usr/include'
prefix='/usr/local'
program_transform_name='s,x,x,'
sbindir='${exec_prefix}/sbin'
sharedstatedir='${prefix}/com'
sysconfdir='${prefix}/etc'
target_alias=''

## ----------- ##
## confdefs.h. ##
## ----------- ##

#define HAVE_INTTYPES_H 1
#define HAVE_MEMORY_H 1
#define HAVE_STDINT_H 1
#define HAVE_STDLIB_H 1
#define HAVE_STRINGS_H 1
#define HAVE_STRING_H 1
#define HAVE_SYS_STAT_H 1
#define HAVE_SYS_TYPES_H 1
#define HAVE_UNISTD_H 1
#define PACKAGE_BUGREPORT ""
#define PACKAGE_NAME ""
#define PACKAGE_STRING ""
#define PACKAGE_TARNAME ""
#define PACKAGE_VERSION ""
#define STDC_HEADERS 1

configure: exit 0
